"../../../Engine/Content/Animation/DefaultAnimCurveCompressionSettings.uasset" 0
"../../../Engine/Content/ArtTools/RenderToTexture/Enums/RenderToTexture_Enum.uasset" 1
"../../../Engine/Content/ArtTools/RenderToTexture/Enums/RenderToTexture_Flipbook_Enum.uasset" 2
"../../../Engine/Content/ArtTools/RenderToTexture/Enums/RenderToTexture_Imposter_Enum.uasset" 3
"../../../Engine/Content/EditorBlueprintResources/StandardMacros.uasset" 4
"../../../Engine/Content/ArtTools/RenderToTexture/Enums/EIntTypes.uasset" 5
"../../../Engine/Content/ArtTools/RenderToTexture/Macros/RenderToTextureFunctionLibrary.uasset" 6
"../../../Engine/Content/ArtTools/RenderToTexture/Enums/EFloatTypes.uasset" 7
"../../../Engine/Content/ArtTools/RenderToTexture/Macros/RenderToTextureMacros.uasset" 8
"../../../Engine/Content/Functions/Engine_MaterialFunctions01/Opacity/CameraDepthFade.uasset" 9
"../../../Engine/Content/EngineMaterials/T_Default_Material_Grid_M.uasset" 10
"../../../Engine/Content/EngineMaterials/T_Default_Material_Grid_N.uasset" 11
"../../../Engine/Content/EngineMaterials/WorldGridMaterial.uasset" 12
"../../../Engine/Content/ArtTools/RenderToTexture/Meshes/S_1_Unit_Plane.uasset" 13
"../../../Engine/Content/EngineMaterials/DefaultMaterial.uasset" 14
"../../../Engine/Content/BasicShapes/Cone.uasset" 15
"../../../Engine/Content/BasicShapes/Plane.uasset" 16
"../../../Engine/Content/EngineMaterials/DefaultPhysicalMaterial.uasset" 17
"../../../Engine/Content/BufferVisualization/AmbientOcclusion.uasset" 18
"../../../Engine/Content/BufferVisualization/BaseColor.uasset" 19
"../../../Engine/Content/BufferVisualization/CustomDepth.uasset" 20
"../../../Engine/Content/Functions/Engine_MaterialFunctions02/Utility/VectorLength.uasset" 21
"../../../Engine/Content/BufferVisualization/CustomDepthWorldUnits.uasset" 22
"../../../Engine/Content/Functions/Engine_MaterialFunctions02/Utility/BreakOutFloat2Components.uasset" 23
"../../../Engine/Content/Functions/Engine_MaterialFunctions01/Texturing/ScaleUVsByCenter.uasset" 24
"../../../Engine/Content/Functions/Engine_MaterialFunctions02/ScreenResolution.uasset" 25
"../../../Engine/Content/Functions/Engine_MaterialFunctions02/Texturing/ScreenAlignedUVs.uasset" 26
"../../../Engine/Content/Functions/Engine_MaterialFunctions02/Utility/MakeFloat2.uasset" 27
"../../../Engine/Content/Functions/Engine_MaterialFunctions02/Utility/MakeFloat3.uasset" 28
"../../../Engine/Content/EngineMaterials/MiniFont.uasset" 29
"../../../Engine/Content/BufferVisualization/CustomStencil.uasset" 30
"../../../Engine/Content/BufferVisualization/FinalImage.uasset" 31
"../../../Engine/Content/BufferVisualization/LightingModel.uasset" 32
"../../../Engine/Content/BufferVisualization/MaterialAO.uasset" 33
"../../../Engine/Content/BufferVisualization/Metallic.uasset" 34
"../../../Engine/Content/BufferVisualization/Opacity.uasset" 35
"../../../Engine/Content/BufferVisualization/PostTonemapHDRColor.uasset" 36
"../../../Engine/Content/BufferVisualization/PreTonemapHDRColor.uasset" 37
"../../../Engine/Content/BufferVisualization/Roughness.uasset" 38
"../../../Engine/Content/BufferVisualization/SceneColor.uasset" 39
"../../../Engine/Content/BufferVisualization/SceneDepth.uasset" 40
"../../../Engine/Content/BufferVisualization/SceneDepthWorldUnits.uasset" 41
"../../../Engine/Content/BufferVisualization/SeparateTranslucencyA.uasset" 42
"../../../Engine/Content/BufferVisualization/SeparateTranslucencyRGB.uasset" 43
"../../../Engine/Content/BufferVisualization/Specular.uasset" 44
"../../../Engine/Content/BufferVisualization/SubsurfaceColor.uasset" 45
"../../../Engine/Content/BufferVisualization/Velocity.uasset" 46
"../../../Engine/Content/BufferVisualization/WorldNormal.uasset" 47
"../../../Engine/Content/EditorBlueprintResources/ActorMacros.uasset" 48
"../../../Engine/Content/EditorLandscapeResources/DataLayer.uasset" 49
"../../../Engine/Content/EditorLandscapeResources/DefaultAlphaTexture.uasset" 50
"../../../Engine/Content/EditorLandscapeResources/LandscapeGizmoHeight_Mat.uasset" 51
"../../../Engine/Content/EditorLandscapeResources/LandscapeGizmo_Mat.uasset" 52
"../../../Engine/Content/EditorLandscapeResources/LandscapeGizmo_Mat_Copied.uasset" 53
"../../../Engine/Content/EditorLandscapeResources/SplineEditorMeshMat.uasset" 54
"../../../Engine/Content/EditorLandscapeResources/SplineEditorMesh.uasset" 55
"../../../Engine/Content/EditorMaterials/Cross.uasset" 56
"../../../Engine/Content/EditorMaterials/Cross_Mat.uasset" 57
"../../../Engine/Content/EditorMaterials/GizmoMaterial.uasset" 58
"../../../Engine/Content/Functions/Engine_MaterialFunctions02/ExampleContent/Textures/flipbook.uasset" 59
"../../../Engine/Content/Functions/Engine_MaterialFunctions02/Texturing/FlipBook.uasset" 60
"../../../Engine/Content/Functions/Engine_MaterialFunctions02/Utility/Sign.uasset" 61
"../../../Engine/Content/Functions/Engine_MaterialFunctions02/Utility/Round.uasset" 62
"../../../Engine/Content/EditorResources/T_EditorHelp.uasset" 63
"../../../Engine/Content/EditorMaterials/HelpActorMaterial.uasset" 64
"../../../Engine/Content/EditorMaterials/CompositeARGBLayer.uasset" 65
"../../../Engine/Content/EditorMaterials/TilingAALineIntegral.uasset" 66
"../../../Engine/Content/EditorMaterials/TilingAALineBoxFiltered.uasset" 67
"../../../Engine/Content/Functions/Engine_MaterialFunctions03/Procedurals/ComputeFilterWidth.uasset" 68
"../../../Engine/Content/EditorMaterials/TilingAADots.uasset" 69
"../../../Engine/Content/EngineMaterials/BlendFunc_DefBase.uasset" 70
"../../../Engine/Content/EngineMaterials/BlendFunc_DefBlend.uasset" 71
"../../../Engine/Content/Functions/Engine_MaterialFunctions03/Blends/Blend_Screen.uasset" 72
"../../../Engine/Content/EditorMaterials/TilingAAGrid.uasset" 73
"../../../Engine/Content/EditorMaterials/LevelGridMaterial.uasset" 74
"../../../Engine/Content/EditorMaterials/MakeCompositeARGBLayer.uasset" 75
"../../../Engine/Content/EditorResources/LevelGrid1DStripes.uasset" 76
"../../../Engine/Content/EditorMaterials/TextureGridCascaded1D.uasset" 77
"../../../Engine/Content/EditorMaterials/TextureGridCascaded2D.uasset" 78
"../../../Engine/Content/EditorMaterials/LevelGridMaterial2.uasset" 79
"../../../Engine/Content/EditorMaterials/MAT_Groups_Toggle.uasset" 80
"../../../Engine/Content/EditorMaterials/MAT_Groups_Visibility.uasset" 81
"../../../Engine/Content/EditorMaterials/AntialiasedGridFloor.uasset" 82
"../../../Engine/Content/EditorResources/TilePatine_D.uasset" 83
"../../../Engine/Content/EditorResources/TilePatine_N.uasset" 84
"../../../Engine/Content/EngineMaterials/Grid.uasset" 85
"../../../Engine/Content/EditorMaterials/PersonaFloorMat.uasset" 86
"../../../Engine/Content/EditorMaterials/PhAT_BoneSelectedMaterial.uasset" 87
"../../../Engine/Content/EditorMaterials/PhAT_ElemSelectedMaterial.uasset" 88
"../../../Engine/Content/EditorMaterials/PhAT_NoCollisionMaterial.uasset" 89
"../../../Engine/Content/EditorMaterials/PhAT_UnselectedMaterial.uasset" 90
"../../../Engine/Content/EditorMaterials/PreviewShadowIndicator.uasset" 91
"../../../Engine/Content/EditorMaterials/PreviewShadowIndicatorMaterial.uasset" 92
"../../../Engine/Content/EditorMaterials/TargetIcon.uasset" 93
"../../../Engine/Content/EditorMaterials/Tick.uasset" 94
"../../../Engine/Content/EditorMaterials/Tick_Mat.uasset" 95
"../../../Engine/Content/EditorMaterials/WidgetGridVertexColorMaterial.uasset" 96
"../../../Engine/Content/EditorMaterials/WidgetGridVertexColorMaterial_Ma.uasset" 97
"../../../Engine/Content/EditorMaterials/WidgetMaterial.uasset" 98
"../../../Engine/Content/EditorMaterials/WidgetMaterial_Current.uasset" 99
"../../../Engine/Content/EditorMaterials/WidgetMaterial_X.uasset" 100
"../../../Engine/Content/EditorMaterials/WidgetMaterial_Y.uasset" 101
"../../../Engine/Content/EditorMaterials/WidgetMaterial_Z.uasset" 102
"../../../Engine/Content/EditorMaterials/WidgetVertexColorMaterial.uasset" 103
"../../../Engine/Content/EditorMaterials/MatineeGroups/MAT_ColorTrack.uasset" 104
"../../../Engine/Content/EditorMaterials/MatineeGroups/MAT_Groups_Anim.uasset" 105
"../../../Engine/Content/EditorMaterials/MatineeGroups/MAT_Groups_AudioMaster.uasset" 106
"../../../Engine/Content/EditorMaterials/MatineeGroups/MAT_Groups_Director.uasset" 107
"../../../Engine/Content/EditorMaterials/MatineeGroups/MAT_Groups_Event.uasset" 108
"../../../Engine/Content/EditorMaterials/MatineeGroups/MAT_Groups_Fade.uasset" 109
"../../../Engine/Content/EditorMaterials/MatineeGroups/MAT_Groups_Float.uasset" 110
"../../../Engine/Content/EditorMaterials/MatineeGroups/MAT_Groups_Move.uasset" 111
"../../../Engine/Content/EditorMaterials/MatineeGroups/MAT_Groups_Slomo.uasset" 112
"../../../Engine/Content/EditorMaterials/MatineeGroups/MAT_Groups_Sound.uasset" 113
"../../../Engine/Content/EditorMaterials/MatineeGroups/MAT_Groups_Vector.uasset" 114
"../../../Engine/Content/EditorMaterials/ParticleSystems/PSysThumbnail_NoImage.uasset" 115
"../../../Engine/Content/EditorMaterials/ParticleSystems/PSysThumbnail_OOD.uasset" 116
"../../../Engine/Content/EditorMaterials/Thumbnails/FloorPlaneMaterial.uasset" 117
"../../../Engine/Content/EditorMeshes/EditorCube.uasset" 118
"../../../Engine/Content/EditorMeshes/EditorCylinder.uasset" 119
"../../../Engine/Content/EditorMeshes/EditorPlane.uasset" 120
"../../../Engine/Content/EditorMaterials/Thumbnails/SkySphereMaterial.uasset" 121
"../../../Engine/Content/EditorMeshes/EditorSkySphere.uasset" 122
"../../../Engine/Content/EditorMeshes/EditorSphere.uasset" 123
"../../../Engine/Content/EditorResources/MatineeCam_D.uasset" 124
"../../../Engine/Content/EditorMaterials/MatineeCam_mat.uasset" 125
"../../../Engine/Content/EditorMeshes/MatineeCam_SM.uasset" 126
"../../../Engine/Content/Functions/Engine_MaterialFunctions01/Shading/ConvertFromDiffSpec.uasset" 127
"../../../Engine/Content/EditorMaterials/GridMaterial.uasset" 128
"../../../Engine/Content/EditorMeshes/PhAT_FloorBox.uasset" 129
"../../../Engine/Content/EditorMeshes/PlanarReflectionPlane.uasset" 130
"../../../Engine/Content/EditorMaterials/Camera/CineMat.uasset" 131
"../../../Engine/Content/EditorMaterials/Camera/MI_CineMat_CameraBody.uasset" 132
"../../../Engine/Content/EngineDebugMaterials/M_SimpleOpaque.uasset" 133
"../../../Engine/Content/EditorMaterials/Camera/MI_CineMat_CamViewFinder.uasset" 134
"../../../Engine/Content/EditorMeshes/Camera/SM_CineCam.uasset" 135
"../../../Engine/Content/EditorMaterials/Camera/MI_CineMat_Rig.uasset" 136
"../../../Engine/Content/EditorMeshes/Camera/SM_CraneRig_Arm.uasset" 137
"../../../Engine/Content/EditorMeshes/Camera/SM_CraneRig_Base.uasset" 138
"../../../Engine/Content/EditorMeshes/Camera/SM_CraneRig_Body.uasset" 139
"../../../Engine/Content/EditorMeshes/Camera/SM_CraneRig_Mount.uasset" 140
"../../../Engine/Content/EditorMeshes/Camera/SM_RailRig_Mount.uasset" 141
"../../../Engine/Content/EditorMeshes/Camera/SM_RailRig_Track.uasset" 142
"../../../Engine/Content/EditorMeshes/ColorCalibrator/M_ChromeBall.uasset" 143
"../../../Engine/Content/EditorResources/Bad.uasset" 144
"../../../Engine/Content/EditorResources/BSPVertex.uasset" 145
"../../../Engine/Content/EditorResources/EmptyActor.uasset" 146
"../../../Engine/Content/EditorResources/MatInstActSprite.uasset" 147
"../../../Engine/Content/EditorResources/SceneManager.uasset" 148
"../../../Engine/Content/EditorResources/SmallFont.uasset" 149
"../../../Engine/Content/EditorResources/S_Actor.uasset" 150
"../../../Engine/Content/EditorResources/S_DecalActorIcon.uasset" 151
"../../../Engine/Content/EditorResources/S_Emitter.uasset" 152
"../../../Engine/Content/EditorResources/S_ExpoHeightFog.uasset" 153
"../../../Engine/Content/EditorResources/S_FTest.uasset" 154
"../../../Engine/Content/EditorResources/S_KBSJoint.uasset" 155
"../../../Engine/Content/EditorResources/S_KHinge.uasset" 156
"../../../Engine/Content/EditorResources/S_KPrismatic.uasset" 157
"../../../Engine/Content/EditorResources/S_LevelSequence.uasset" 158
"../../../Engine/Content/EditorResources/S_NavP.uasset" 159
"../../../Engine/Content/EditorResources/S_Note.uasset" 160
"../../../Engine/Content/EditorResources/S_Player.uasset" 161
"../../../Engine/Content/EditorResources/S_PortalActorIcon2.uasset" 162
"../../../Engine/Content/EditorResources/S_RadForce.uasset" 163
"../../../Engine/Content/EditorResources/S_ReflActorIcon.uasset" 164
"../../../Engine/Content/EditorResources/S_Terrain.uasset" 165
"../../../Engine/Content/EditorResources/S_TextRenderActorIcon.uasset" 166
"../../../Engine/Content/EditorResources/S_Thruster.uasset" 167
"../../../Engine/Content/EditorResources/S_Trigger.uasset" 168
"../../../Engine/Content/EditorResources/S_VectorFieldVol.uasset" 169
"../../../Engine/Content/EditorResources/S_WindDirectional.uasset" 170
"../../../Engine/Content/EditorResources/AI/S_NavLink.uasset" 171
"../../../Engine/Content/EditorResources/LightIcons/SkyLight.uasset" 172
"../../../Engine/Content/EditorResources/LightIcons/S_LightDirectional.uasset" 173
"../../../Engine/Content/EditorResources/LightIcons/S_LightDirectionalMove.uasset" 174
"../../../Engine/Content/EditorResources/LightIcons/S_LightError.uasset" 175
"../../../Engine/Content/EditorResources/LightIcons/S_LightPoint.uasset" 176
"../../../Engine/Content/EditorResources/LightIcons/S_LightPointMove.uasset" 177
"../../../Engine/Content/EditorResources/LightIcons/S_LightSpot.uasset" 178
"../../../Engine/Content/EditorResources/LightIcons/S_LightSpotMove.uasset" 179
"../../../Engine/Content/EditorResources/SequenceRecorder/Countdown.uasset" 180
"../../../Engine/Content/EditorResources/SequenceRecorder/RecordingIndicator.uasset" 181
"../../../Engine/Content/EditorResources/Spline/T_Loft_Spline.uasset" 182
"../../../Engine/Content/EditorSounds/Notifications/CompileFailed.uasset" 183
"../../../Engine/Content/EditorSounds/Notifications/CompileFailed_Cue.uasset" 184
"../../../Engine/Content/EditorSounds/Notifications/CompileSuccess.uasset" 185
"../../../Engine/Content/EditorSounds/Notifications/CompileStart_Cue.uasset" 186
"../../../Engine/Content/EditorSounds/Notifications/CompileSuccess_Cue.uasset" 187
"../../../Engine/Content/EngineDamageTypes/DmgTypeBP_Environmental.uasset" 188
"../../../Engine/Content/EngineDebugMaterials/HeatmapGradient.uasset" 189
"../../../Engine/Content/EngineDebugMaterials/BoneWeightMaterial.uasset" 190
"../../../Engine/Content/EngineDebugMaterials/ClothMaterial.uasset" 191
"../../../Engine/Content/EngineDebugMaterials/ClothMaterial_WF.uasset" 192
"../../../Engine/Content/EngineDebugMaterials/DebugEditorMaterial.uasset" 193
"../../../Engine/Content/EngineDebugMaterials/DebugMeshMaterial.uasset" 194
"../../../Engine/Content/EngineDebugMaterials/GeomMaterial.uasset" 195
"../../../Engine/Content/EngineDebugMaterials/LevelColorationLitMaterial.uasset" 196
"../../../Engine/Content/EngineDebugMaterials/LevelColorationUnlitMaterial.uasset" 197
"../../../Engine/Content/EngineMaterials/DefaultWhiteGrid.uasset" 198
"../../../Engine/Content/EngineDebugMaterials/MAT_LevelColorationLitLightmapUV.uasset" 199
"../../../Engine/Content/EngineDebugMaterials/M_SimpleTranslucent.uasset" 200
"../../../Engine/Content/EngineDebugMaterials/ShadedLevelColorationLitMaterial.uasset" 201
"../../../Engine/Content/EngineDebugMaterials/ShadedLevelColorationUnlitMateri.uasset" 202
"../../../Engine/Content/EngineDebugMaterials/VertexColorMaterial.uasset" 203
"../../../Engine/Content/EngineDebugMaterials/VertexColorViewMode_AlphaAsColor.uasset" 204
"../../../Engine/Content/EngineDebugMaterials/VertexColorViewMode_BlueOnly.uasset" 205
"../../../Engine/Content/EngineDebugMaterials/VertexColorViewMode_ColorOnly.uasset" 206
"../../../Engine/Content/EngineDebugMaterials/VertexColorViewMode_GreenOnly.uasset" 207
"../../../Engine/Content/EngineDebugMaterials/VertexColorViewMode_RedOnly.uasset" 208
"../../../Engine/Content/EngineDebugMaterials/WireframeMaterial.uasset" 209
"../../../Engine/Content/EngineFonts/Faces/RobotoBold.uasset" 210
"../../../Engine/Content/EngineFonts/Faces/RobotoBoldItalic.uasset" 211
"../../../Engine/Content/EngineFonts/Faces/RobotoItalic.uasset" 212
"../../../Engine/Content/EngineFonts/Faces/RobotoLight.uasset" 213
"../../../Engine/Content/EngineFonts/Faces/RobotoRegular.uasset" 214
"../../../Engine/Content/EngineFonts/Roboto.uasset" 215
"../../../Engine/Content/EngineFonts/Faces/RobotoTiny.uasset" 216
"../../../Engine/Content/EngineFonts/RobotoTiny.uasset" 217
"../../../Engine/Content/EngineFonts/SmallFont.uasset" 218
"../../../Engine/Content/EngineFonts/TinyFont.uasset" 219
"../../../Engine/Content/EngineMaterials/BaseFlattenDiffuseMap.uasset" 220
"../../../Engine/Content/EngineMaterials/BaseFlattenEmissiveMap.uasset" 221
"../../../Engine/Content/EngineMaterials/BaseFlattenGrayscaleMap.uasset" 222
"../../../Engine/Content/EngineMaterials/BaseFlattenNormalMap.uasset" 223
"../../../Engine/Content/EngineMaterials/BaseFlattenMaterial.uasset" 224
"../../../Engine/Content/EngineResources/WhiteSquareTexture.uasset" 225
"../../../Engine/Content/EngineMaterials/BlinkingCaret.uasset" 226
"../../../Engine/Content/EngineMaterials/DefaultBloomKernel.uasset" 227
"../../../Engine/Content/EngineMaterials/DefaultBokeh.uasset" 228
"../../../Engine/Content/EngineMaterials/DefaultDiffuse.uasset" 229
"../../../Engine/Content/EngineMaterials/DefaultDeferredDecalMaterial.uasset" 230
"../../../Engine/Content/EngineMaterials/DefaultLightFunctionMaterial.uasset" 231
"../../../Engine/Content/EngineMaterials/DefaultNormal.uasset" 232
"../../../Engine/Content/EngineMaterials/DefaultPostProcessMaterial.uasset" 233
"../../../Engine/Content/EngineFonts/RobotoDistanceField.uasset" 234
"../../../Engine/Content/EngineMaterials/DefaultTextMaterialOpaque.uasset" 235
"../../../Engine/Content/EngineMaterials/EditorBrushMaterial.uasset" 236
"../../../Engine/Content/EngineMaterials/Good64x64TilingNoiseHighFreq.uasset" 237
"../../../Engine/Content/EngineMaterials/Grid_N.uasset" 238
"../../../Engine/Content/EngineMaterials/HighResolutionScreenshotMaskFunction.uasset" 239
"../../../Engine/Content/EngineMaterials/HighResScreenshot.uasset" 240
"../../../Engine/Content/EngineMaterials/HighResScreenshotCaptureRegion.uasset" 241
"../../../Engine/Content/EngineMaterials/HighResScreenshotMask.uasset" 242
"../../../Engine/Content/EngineMaterials/LandscapeHolePhysicalMaterial.uasset" 243
"../../../Engine/Content/EngineMaterials/InvalidLightmapSettings.uasset" 244
"../../../Engine/Content/EngineMaterials/M_InvalidLightmapSettings.uasset" 245
"../../../Engine/Content/EngineMaterials/PaperDiffuse.uasset" 246
"../../../Engine/Content/EngineMaterials/PaperNormal.uasset" 247
"../../../Engine/Content/Functions/Engine_MaterialFunctions02/WorldPositionOffset/CameraOffset.uasset" 248
"../../../Engine/Content/EngineMaterials/PhAT_JointLimitMaterial.uasset" 249
"../../../Engine/Content/EngineMaterials/PhysMat_Rubber.uasset" 250
"../../../Engine/Content/EngineMaterials/PreintegratedSkinBRDF.uasset" 251
"../../../Engine/Content/EngineMaterials/RemoveSurfaceMaterial.uasset" 252
"../../../Engine/Content/EngineMaterials/WeightMapPlaceholderTexture.uasset" 253
"../../../Engine/Content/EngineMaterials/Widget3DPassThrough.uasset" 254
"../../../Engine/Content/EngineMaterials/Widget3DPassThrough_Masked.uasset" 255
"../../../Engine/Content/EngineMaterials/Widget3DPassThrough_Opaque.uasset" 256
"../../../Engine/Content/EngineMaterials/Widget3DPassThrough_Masked_OneSided.uasset" 257
"../../../Engine/Content/EngineMaterials/Widget3DPassThrough_Opaque_OneSided.uasset" 258
"../../../Engine/Content/EngineMaterials/Widget3DPassThrough_Translucent.uasset" 259
"../../../Engine/Content/EngineMaterials/Widget3DPassThrough_Translucent_OneSided.uasset" 260
"../../../Engine/Content/EngineMeshes/Cylinder.uasset" 261
"../../../Engine/Content/EngineMeshes/Sphere.uasset" 262
"../../../Engine/Content/EngineResources/Black.uasset" 263
"../../../Engine/Content/EngineResources/DefaultTexture.uasset" 264
"../../../Engine/Content/EngineResources/DefaultTextureCube.uasset" 265
"../../../Engine/Content/EngineResources/DefaultVolumeTexture2D.uasset" 266
"../../../Engine/Content/EngineResources/DefaultVolumeTexture.uasset" 267
"../../../Engine/Content/EngineResources/GradientTexture0.uasset" 268
"../../../Engine/Content/EngineResources/StreamingPauseIcon.uasset" 269
"../../../Engine/Content/EngineResources/M_StreamingPause.uasset" 270
"../../../Engine/Content/EngineSounds/Master.uasset" 271
"../../../Engine/Content/Functions/Engine_MaterialFunctions01/Shading/PowerToRoughness.uasset" 272
"../../../Engine/Content/Maps/Templates/Thumbnails/Default.uasset" 273
"../../../Engine/Content/Maps/Templates/Thumbnails/VR-Basic.uasset" 274
"../../../Engine/Content/MapTemplates/Sky/DaylightAmbientCubemap.uasset" 275
"../../../Engine/Content/MobileResources/T_MobileControls_texture.uasset" 276
"../../../Engine/Content/MobileResources/T_MobileMenu2.uasset" 277
"../../../Engine/Content/MobileResources/HUD/AnalogHat.uasset" 278
"../../../Engine/Content/MobileResources/HUD/VirtualJoystick_Background.uasset" 279
"../../../Engine/Content/MobileResources/HUD/VirtualJoystick_Thumb.uasset" 280
"../../../Engine/Content/MobileResources/HUD/DefaultVirtualJoysticks.uasset" 281
"../../../Engine/Content/MobileResources/HUD/LeftVirtualJoystickOnly.uasset" 282
"../../../Engine/Content/MobileResources/HUD/MobileHUDButton1_off.uasset" 283
"../../../Engine/Content/MobileResources/HUD/MobileHUDButton1_on.uasset" 284
"../../../Engine/Content/MobileResources/HUD/MobileHUDButton2_off.uasset" 285
"../../../Engine/Content/MobileResources/HUD/MobileHUDButton2_on.uasset" 286
"../../../Engine/Content/MobileResources/HUD/MobileHUDButton3.uasset" 287
"../../../Engine/Content/MobileResources/HUD/MobileHUDButtonFire.uasset" 288
"../../../Engine/Content/MobileResources/HUD/MobileHUDDirectionPad.uasset" 289
"../../../Engine/Content/MobileResources/HUD/MobileHUDDirectionPad2.uasset" 290
"../../../Engine/Content/MobileResources/HUD/MobileHUDDirectionPad3.uasset" 291
"../../../Engine/Content/MobileResources/HUD/MobileHUDDirectionStick.uasset" 292
"../../../Engine/Content/MobileResources/HUD/T_Castle_ThumbstickInner.uasset" 293
"../../../Engine/Content/MobileResources/HUD/T_Castle_ThumbstickOutter.uasset" 294
"../../../Engine/Content/Tutorial/ContentIntroCurve.uasset" 295
"../../../Engine/Content/Tutorial/Basics/LevelEditorAttract.uasset" 296
"../../../Engine/Content/Tutorial/Basics/TutorialAssets/icon_tab_Levels_40x.uasset" 297
"../../../Engine/Content/Tutorial/Basics/LevelEditorOverview.uasset" 298
"../../../Engine/Content/Tutorial/BlueprintTutorials/TutorialAssets/Blueprint_64x.uasset" 299
"../../../Engine/Content/Tutorial/BlueprintTutorials/BlueprintEditorTutorial.uasset" 300
"../../../Engine/Content/Tutorial/BlueprintTutorials/TutorialAssets/Tutorial_BP_MacroLib.uasset" 301
"../../../Engine/Content/VREditor/LaserPointer/VR_LaserPower_01.uasset" 302
"../../../Engine/Content/VREditor/TransformGizmo/TransformGizmoMaterial.uasset" 303
"../../../Engine/Content/VREditor/TransformGizmo/TranslucentTransformGizmoMaterial.uasset" 304
"../../../Engine/Content/VREditor/TransformGizmo/BoundingBoxCorner.uasset" 305
"../../../Engine/Content/VREditor/TransformGizmo/BoundingBoxEdge.uasset" 306
"../../../Engine/Content/VREditor/TransformGizmo/PlaneTranslationHandle.uasset" 307
"../../../Engine/Content/VREditor/TransformGizmo/Main.uasset" 308
"../../../Engine/Content/VREditor/TransformGizmo/Xray.uasset" 309
"../../../Engine/Content/VREditor/TransformGizmo/SM_Sequencer_Key.uasset" 310
"../../../Engine/Content/VREditor/TransformGizmo/SM_Sequencer_Node.uasset" 311
"D:/Unreal Projects/FPSProject/Content/Meshes/Fbx_Default_Material.uasset" 312
"D:/Unreal Projects/FPSProject/Content/Meshes/Sphere.uasset" 313
"D:/Unreal Projects/FPSProject/Content/Blueprints/BP_FPSProjectile.uasset" 314
"D:/Unreal Projects/FPSProject/Content/Meshes/lambert2.uasset" 315
"D:/Unreal Projects/FPSProject/Content/Meshes/proxy_geo_body_m.uasset" 316
"D:/Unreal Projects/FPSProject/Content/Meshes/GenericMale_PhysicsAsset.uasset" 317
"D:/Unreal Projects/FPSProject/Content/Meshes/GenericMale_Skeleton.uasset" 318
"D:/Unreal Projects/FPSProject/Content/Meshes/GenericMale.uasset" 319
"D:/Unreal Projects/FPSProject/Content/Meshes/WorldGridMaterial.uasset" 320
"D:/Unreal Projects/FPSProject/Content/Meshes/HeroFPP_PhysicsAsset.uasset" 321
"D:/Unreal Projects/FPSProject/Content/Meshes/HeroFPP.uasset" 322
"D:/Unreal Projects/FPSProject/Content/Blueprints/BP_FPSCharacter.uasset" 323
"D:/Unreal Projects/FPSProject/Content/Blueprints/BP_FPSProjectGameMode.uasset" 324
"../../Plugins/2D/Paper2D/Content/PlaceholderTextures/DummySpriteTexture.uasset" 325
"../../Plugins/2D/Paper2D/Content/DummySprite.uasset" 326
"../../Plugins/2D/Paper2D/Content/DefaultPaperTerrainMaterial.uasset" 327
"../../Plugins/2D/Paper2D/Content/DefaultSpriteMaterial.uasset" 328
"../../Plugins/2D/Paper2D/Content/MaskedUnlitSpriteMaterial.uasset" 329
"../../Plugins/2D/Paper2D/Content/OpaqueUnlitSpriteMaterial.uasset" 330
"../../Plugins/Enterprise/DatasmithContent/Content/Blueprints/FBXImporter/ArrayOfActor.uasset" 331
"../../Plugins/Enterprise/DatasmithContent/Content/Blueprints/FBXImporter/ArrayOfSwitch.uasset" 332
"../../Plugins/Enterprise/DatasmithContent/Content/Blueprints/FBXImporter/BP_SceneNode.uasset" 333
"../../Plugins/Enterprise/DatasmithContent/Content/Blueprints/FBXImporter/BP_Switch.uasset" 334
"../../Plugins/Enterprise/DatasmithContent/Content/Blueprints/FBXImporter/BP_SceneRoot.uasset" 335
"../../Plugins/Enterprise/DatasmithContent/Content/Blueprints/FBXImporter/FBXImporterUtils.uasset" 336
"../../Plugins/Enterprise/DatasmithContent/Content/Blueprints/FBXImporter/Animation/DeltaGenAnimationTrackType.uasset" 337
"../../Plugins/Enterprise/DatasmithContent/Content/Blueprints/FBXImporter/Animation/VREDAnimationTrackComponent.uasset" 338
"../../Plugins/Enterprise/DatasmithContent/Content/Blueprints/FBXImporter/Animation/VREDAnimationTrackType.uasset" 339
"../../Plugins/Enterprise/DatasmithContent/Content/Blueprints/FBXImporter/Animation/VREDAnimCurveComponent.uasset" 340
"../../Plugins/Enterprise/DatasmithContent/Content/Blueprints/FBXImporter/Animation/VREDAnimCurveType.uasset" 341
"../../Plugins/Enterprise/DatasmithContent/Content/Blueprints/FBXImporter/Variants/VariantSwitchType.uasset" 342
"../../Plugins/Enterprise/DatasmithContent/Content/Blueprints/FBXImporter/Variants/VREDVariantSwitchType.uasset" 343
"../../Plugins/Enterprise/DatasmithContent/Content/Blueprints/FBXImporter/Variants/VREDVariantType.uasset" 344
"../../Plugins/Runtime/Oculus/OculusVR/Content/OculusMR_RenderTarget.uasset" 345
"../../../Engine/Content/Functions/Engine_MaterialFunctions02/Utility/BreakOutFloat4Components.uasset" 346
"../../Plugins/Runtime/Oculus/OculusVR/Content/Materials/OculusMR_ChromaKey.uasset" 347
"../../Plugins/Runtime/Oculus/OculusVR/Content/Materials/OculusMR_ChromaKey_Lit.uasset" 348
"../../Plugins/Runtime/Oculus/OculusVR/Content/Materials/OculusMR_OpaqueColoredMaterial.uasset" 349
"../../Plugins/Runtime/Oculus/OculusVR/Content/Materials/OculusMR_WhiteMaterial.uasset" 350
"../../Plugins/Runtime/Oculus/OculusVR/Content/Materials/PokeAHoleMaterial.uasset" 351
"../../Plugins/Runtime/Oculus/OculusVR/Content/Textures/GearVRController_AO.uasset" 352
"../../Plugins/Runtime/Oculus/OculusVR/Content/Textures/GearVRController_Color.uasset" 353
"../../Plugins/Runtime/Oculus/OculusVR/Content/Textures/GearVRController_Normal.uasset" 354
"../../Plugins/Runtime/Oculus/OculusVR/Content/Materials/GearVRControllerMaterial.uasset" 355
"../../Plugins/Runtime/Oculus/OculusVR/Content/Meshes/GearVrController.uasset" 356
"../../Plugins/Runtime/Oculus/OculusVR/Content/Textures/touchController_albedo.uasset" 357
"../../Plugins/Runtime/Oculus/OculusVR/Content/Textures/touchController_controlmap.uasset" 358
"../../Plugins/Runtime/Oculus/OculusVR/Content/Materials/touchController_mat.uasset" 359
"../../Plugins/Runtime/Oculus/OculusVR/Content/Meshes/LeftTouchController.uasset" 360
"../../Plugins/Runtime/Oculus/OculusVR/Content/Meshes/RiftHMD.uasset" 361
"../../Plugins/Runtime/Oculus/OculusVR/Content/Meshes/RightTouchController.uasset" 362
"../../../Engine/Content/Maps/Entry_BuiltData.uasset" 363
"../../../Engine/Content/Maps/Entry.umap" 364
"../../../Engine/Content/EngineSky/C_Sky_Cloud_Color.uasset" 365
"../../../Engine/Content/EngineSky/C_Sky_Horizon_Color.uasset" 366
"../../../Engine/Content/EngineSky/C_Sky_Zenith_Color.uasset" 367
"../../../Engine/Content/EngineSky/T_Sky_Blue.uasset" 368
"../../../Engine/Content/EngineSky/T_Sky_Clouds_M.uasset" 369
"../../../Engine/Content/EngineSky/T_Sky_Stars.uasset" 370
"../../../Engine/Content/EngineSky/M_Sky_Panning_Clouds2.uasset" 371
"../../../Engine/Content/EngineSky/SM_SkySphere.uasset" 372
"../../../Engine/Content/EngineSky/BP_Sky_Sphere.uasset" 373
"D:/Unreal Projects/FPSProject/Content/Maps/LandscapeMap_BuiltData.uasset" 374
"../../../Engine/Content/BasicShapes/BasicShapeMaterial.uasset" 375
"D:/Unreal Projects/FPSProject/Content/StarterContent/Textures/T_Ground_Grass_D.uasset" 376
"D:/Unreal Projects/FPSProject/Content/StarterContent/Textures/T_Ground_Grass_N.uasset" 377
"D:/Unreal Projects/FPSProject/Content/StarterContent/Textures/T_MacroVariation.uasset" 378
"D:/Unreal Projects/FPSProject/Content/StarterContent/Textures/T_Perlin_Noise_M.uasset" 379
"D:/Unreal Projects/FPSProject/Content/StarterContent/Materials/M_Ground_Grass.uasset" 380
"../../../Engine/Content/BasicShapes/Cube.uasset" 381
"D:/Unreal Projects/FPSProject/Content/Maps/LandscapeMap.umap" 382
"D:/Unreal Projects/FPSProject/Content/DynamicGrassLite/Blueprints/InternalLogic/FirstPersonBP/Meshes/SK_Mannequin_Arms_Skeleton.uasset" 383
"D:/Unreal Projects/FPSProject/Content/DynamicGrassLite/Blueprints/InternalLogic/FirstPersonBP/Animations/FirstPerson_Idle.uasset" 384
"D:/Unreal Projects/FPSProject/Content/DynamicGrassLite/Blueprints/InternalLogic/FirstPersonBP/Animations/FirstPerson_JumpEnd.uasset" 385
"D:/Unreal Projects/FPSProject/Content/DynamicGrassLite/Blueprints/InternalLogic/FirstPersonBP/Animations/FirstPerson_JumpLoop.uasset" 386
"D:/Unreal Projects/FPSProject/Content/DynamicGrassLite/Blueprints/InternalLogic/FirstPersonBP/Animations/FirstPerson_JumpStart.uasset" 387
"D:/Unreal Projects/FPSProject/Content/DynamicGrassLite/Blueprints/InternalLogic/FirstPersonBP/Animations/FirstPerson_Run.uasset" 388
"D:/Unreal Projects/FPSProject/Content/DynamicGrassLite/Blueprints/InternalLogic/FirstPersonBP/Animations/FirstPerson_AnimBP.uasset" 389
"D:/Unreal Projects/FPSProject/Content/DynamicGrassLite/Blueprints/InternalLogic/FirstPersonBP/Animations/FirstPerson_Fire.uasset" 390
"D:/Unreal Projects/FPSProject/Content/DynamicGrassLite/Blueprints/InternalLogic/FirstPersonBP/Animations/FirstPersonFire_Montage.uasset" 391
"D:/Unreal Projects/FPSProject/Content/DynamicGrassLite/Blueprints/FoliageTypes/Grass2_Component_BP.uasset" 392
"D:/Unreal Projects/FPSProject/Content/DynamicGrassLite/Materials/Misc/SimpleTranslucent_M.uasset" 393
"D:/Unreal Projects/FPSProject/Content/DynamicGrassLite/Blueprints/InternalLogic/FoliageToSpawnInArea.uasset" 394
"../../../Engine/Content/Functions/Engine_MaterialFunctions01/SpeedTree/SpeedTreeColorVariation.uasset" 395
"../../../Engine/Content/Functions/Engine_MaterialFunctions02/Texturing/CustomRotator.uasset" 396
"../../../Engine/Content/Functions/Engine_MaterialFunctions03/Blends/Blend_Overlay.uasset" 397
"D:/Unreal Projects/FPSProject/Content/DynamicGrassLite/Materials/Grass/GrassGlobalParams.uasset" 398
"D:/Unreal Projects/FPSProject/Content/DynamicGrassLite/Textures/Foliage/Grass1_T.uasset" 399
"D:/Unreal Projects/FPSProject/Content/DynamicGrassLite/Textures/Misc/clouds4_T.uasset" 400
"D:/Unreal Projects/FPSProject/Content/DynamicGrassLite/Textures/Misc/WindWaveNormal1_T.uasset" 401
"D:/Unreal Projects/FPSProject/Content/DynamicGrassLite/Materials/Grass/Grass_FarLOD_M.uasset" 402
"D:/Unreal Projects/FPSProject/Content/DynamicGrassLite/Textures/Foliage/grass2_Color_Desaturated_Var1.uasset" 403
"D:/Unreal Projects/FPSProject/Content/DynamicGrassLite/Materials/Grass/Grass2_FarLOD_M_Inst.uasset" 404
"D:/Unreal Projects/FPSProject/Content/DynamicGrassLite/Materials/Grass/SimpleGrassWind_DGS.uasset" 405
"D:/Unreal Projects/FPSProject/Content/DynamicGrassLite/Materials/Grass/SimpleOptimizedGrassWind.uasset" 406
"D:/Unreal Projects/FPSProject/Content/DynamicGrassLite/Textures/Misc/GrassUnivRoughnessTexture1_T.uasset" 407
"D:/Unreal Projects/FPSProject/Content/DynamicGrassLite/Materials/Grass/Grass_M.uasset" 408
"D:/Unreal Projects/FPSProject/Content/DynamicGrassLite/Materials/Grass/Grass2_M_Inst.uasset" 409
"D:/Unreal Projects/FPSProject/Content/DynamicGrassLite/Meshes/grassMesh2_SM.uasset" 410
"D:/Unreal Projects/FPSProject/Content/DynamicGrassLite/Meshes/visPillar_1Unit_SM.uasset" 411
"D:/Unreal Projects/FPSProject/Content/DynamicGrassLite/Blueprints/GrassSpawnAreas/GrassSpawnArea_BP.uasset" 412
"D:/Unreal Projects/FPSProject/Content/DynamicGrassLite/Blueprints/InternalLogic/InteractiveFoliageChunk_BP.uasset" 413
"D:/Unreal Projects/FPSProject/Content/DynamicGrassLite/Blueprints/InternalLogic/FoliageToSpawn_Struct.uasset" 414
"D:/Unreal Projects/FPSProject/Content/DynamicGrassLite/Textures/Misc/GrassManagerIcon_T.uasset" 415
"D:/Unreal Projects/FPSProject/Content/DynamicGrassLite/Blueprints/InteractiveGrassManager_BP.uasset" 416
"D:/Unreal Projects/FPSProject/Content/DynamicGrassLite/Blueprints/InternalLogic/InstanceToChangeTransform.uasset" 417
"D:/Unreal Projects/FPSProject/Content/DynamicGrassLite/Blueprints/InternalLogic/InstanceStatus.uasset" 418
"D:/Unreal Projects/FPSProject/Content/DynamicGrassLite/Blueprints/InternalLogic/InstanceTransformer_BP.uasset" 419
"D:/Unreal Projects/FPSProject/Content/DynamicGrassLite/Blueprints/InternalLogic/INTERACTIVE_FoliageComp_BP.uasset" 420
"D:/Unreal Projects/FPSProject/Content/DynamicGrassLite/Blueprints/InternalLogic/GrassInteractionType.uasset" 421
"D:/Unreal Projects/FPSProject/Content/DynamicGrassLite/Blueprints/InteractWithGrass_BP.uasset" 422
"D:/Unreal Projects/FPSProject/Content/DynamicGrassLite/Blueprints/InternalLogic/FirstPersonBP/Meshes/BaseMaterial.uasset" 423
"D:/Unreal Projects/FPSProject/Content/DynamicGrassLite/Blueprints/InternalLogic/FirstPersonBP/Meshes/FirstPersonProjectileMaterial.uasset" 424
"D:/Unreal Projects/FPSProject/Content/DynamicGrassLite/Blueprints/InternalLogic/FirstPersonBP/Meshes/FirstPersonProjectileMesh.uasset" 425
"D:/Unreal Projects/FPSProject/Content/DynamicGrassLite/Blueprints/InternalLogic/FirstPersonBP/Blueprints/FirstPersonProjectile.uasset" 426
"D:/Unreal Projects/FPSProject/Content/DynamicGrassLite/Blueprints/InternalLogic/FirstPersonBP/Audio/FirstPersonTemplateWeaponFire02.uasset" 427
"../../../Engine/Content/Functions/Engine_MaterialFunctions02/Utility/BlendAngleCorrectedNormals.uasset" 428
"../../../Engine/Content/Functions/MaterialLayerFunctions/MatLayerBlend_NormalBlend.uasset" 429
"../../../Engine/Content/Functions/MaterialLayerFunctions/MatLayerBlend_Simple.uasset" 430
"D:/Unreal Projects/FPSProject/Content/DynamicGrassLite/Blueprints/InternalLogic/FirstPersonBP/Materials/T_ML_Rubber_Blue_01_D.uasset" 431
"D:/Unreal Projects/FPSProject/Content/DynamicGrassLite/Blueprints/InternalLogic/FirstPersonBP/Materials/T_ML_Rubber_Blue_01_N.uasset" 432
"D:/Unreal Projects/FPSProject/Content/DynamicGrassLite/Blueprints/InternalLogic/FirstPersonBP/Materials/ML_GlossyBlack_Latex_UE4.uasset" 433
"D:/Unreal Projects/FPSProject/Content/DynamicGrassLite/Blueprints/InternalLogic/FirstPersonBP/Materials/ML_Plastic_Shiny_Beige.uasset" 434
"D:/Unreal Projects/FPSProject/Content/DynamicGrassLite/Blueprints/InternalLogic/FirstPersonBP/Materials/ML_Screen.uasset" 435
"D:/Unreal Projects/FPSProject/Content/DynamicGrassLite/Blueprints/InternalLogic/FirstPersonBP/Materials/T_ML_Aluminum01.uasset" 436
"D:/Unreal Projects/FPSProject/Content/DynamicGrassLite/Blueprints/InternalLogic/FirstPersonBP/Materials/T_ML_Aluminum01_N.uasset" 437
"D:/Unreal Projects/FPSProject/Content/DynamicGrassLite/Blueprints/InternalLogic/FirstPersonBP/Materials/ML_SoftMetal_UE4.uasset" 438
"D:/Unreal Projects/FPSProject/Content/DynamicGrassLite/Blueprints/InternalLogic/FirstPersonBP/Textures/T_FPGun_M.uasset" 439
"D:/Unreal Projects/FPSProject/Content/DynamicGrassLite/Blueprints/InternalLogic/FirstPersonBP/Textures/T_FPGun_N.uasset" 440
"D:/Unreal Projects/FPSProject/Content/DynamicGrassLite/Blueprints/InternalLogic/FirstPersonBP/Materials/M_FPGun.uasset" 441
"D:/Unreal Projects/FPSProject/Content/DynamicGrassLite/Blueprints/InternalLogic/FirstPersonBP/Meshes/SK_FPGun_Skeleton.uasset" 442
"D:/Unreal Projects/FPSProject/Content/DynamicGrassLite/Blueprints/InternalLogic/FirstPersonBP/Meshes/SK_FPGun.uasset" 443
"D:/Unreal Projects/FPSProject/Content/DynamicGrassLite/Blueprints/InternalLogic/FirstPersonBP/Textures/UE4_LOGO_CARD.uasset" 444
"D:/Unreal Projects/FPSProject/Content/DynamicGrassLite/Blueprints/InternalLogic/FirstPersonBP/Materials/ML_Plastic_Shiny_Beige_LOGO.uasset" 445
"D:/Unreal Projects/FPSProject/Content/DynamicGrassLite/Blueprints/InternalLogic/FirstPersonBP/Textures/UE4_Mannequin__normals.uasset" 446
"D:/Unreal Projects/FPSProject/Content/DynamicGrassLite/Blueprints/InternalLogic/FirstPersonBP/Textures/UE4_Mannequin_MAT_MASKA.uasset" 447
"D:/Unreal Projects/FPSProject/Content/DynamicGrassLite/Blueprints/InternalLogic/FirstPersonBP/Materials/M_UE4Man_Body.uasset" 448
"D:/Unreal Projects/FPSProject/Content/DynamicGrassLite/Blueprints/InternalLogic/FirstPersonBP/Meshes/SK_Mannequin_Arms_PhysicsAsset.uasset" 449
"D:/Unreal Projects/FPSProject/Content/DynamicGrassLite/Blueprints/InternalLogic/FirstPersonBP/Meshes/SK_Mannequin_Arms.uasset" 450
"D:/Unreal Projects/FPSProject/Content/DynamicGrassLite/Blueprints/InternalLogic/FirstPersonBP/Blueprints/FirstPersonCharacter.uasset" 451
"D:/Unreal Projects/FPSProject/Content/DynamicGrassLite/Blueprints/InternalLogic/ThirdPersonBP/Meshes/UE4_Mannequin_Skeleton.uasset" 452
"D:/Unreal Projects/FPSProject/Content/DynamicGrassLite/Blueprints/InternalLogic/ThirdPersonBP/Animations/ThirdPerson_Jump.uasset" 453
"D:/Unreal Projects/FPSProject/Content/DynamicGrassLite/Blueprints/InternalLogic/ThirdPersonBP/Animations/ThirdPersonJump_Loop.uasset" 454
"D:/Unreal Projects/FPSProject/Content/DynamicGrassLite/Blueprints/InternalLogic/ThirdPersonBP/Animations/ThirdPersonJump_Start.uasset" 455
"D:/Unreal Projects/FPSProject/Content/DynamicGrassLite/Blueprints/InternalLogic/ThirdPersonBP/Animations/ThirdPersonIdle.uasset" 456
"D:/Unreal Projects/FPSProject/Content/DynamicGrassLite/Blueprints/InternalLogic/ThirdPersonBP/Animations/ThirdPersonRun.uasset" 457
"D:/Unreal Projects/FPSProject/Content/DynamicGrassLite/Blueprints/InternalLogic/ThirdPersonBP/Animations/ThirdPersonWalk.uasset" 458
"D:/Unreal Projects/FPSProject/Content/DynamicGrassLite/Blueprints/InternalLogic/ThirdPersonBP/Animations/ThirdPerson_IdleRun_2D.uasset" 459
"D:/Unreal Projects/FPSProject/Content/DynamicGrassLite/Blueprints/InternalLogic/ThirdPersonBP/Animations/ThirdPerson_AnimBP.uasset" 460
"D:/Unreal Projects/FPSProject/Content/DynamicGrassLite/Blueprints/InternalLogic/ThirdPersonBP/Textures/UE4Man_Logo_N.uasset" 461
"D:/Unreal Projects/FPSProject/Content/DynamicGrassLite/Blueprints/InternalLogic/ThirdPersonBP/Materials/M_UE4Man_ChestLogo.uasset" 462
"D:/Unreal Projects/FPSProject/Content/DynamicGrassLite/Blueprints/InternalLogic/ThirdPersonBP/Meshes/SK_Mannequin_PhysicsAsset.uasset" 463
"D:/Unreal Projects/FPSProject/Content/DynamicGrassLite/Blueprints/InternalLogic/ThirdPersonBP/Meshes/SK_Mannequin.uasset" 464
"D:/Unreal Projects/FPSProject/Content/DynamicGrassLite/Blueprints/InternalLogic/ThirdPersonBP/Blueprints/ThirdPersonCharacter.uasset" 465
"D:/Unreal Projects/FPSProject/Content/DynamicGrassLite/Blueprints/FoliageTypes/Grass3_Component_BP.uasset" 466
"D:/Unreal Projects/FPSProject/Content/DynamicGrassLite/Blueprints/FoliageTypes/Grass4_Component_BP.uasset" 467
"D:/Unreal Projects/FPSProject/Content/DynamicGrassLite/Blueprints/FoliageTypes/PurplePlant1_Component_BP.uasset" 468
"D:/Unreal Projects/FPSProject/Content/DynamicGrassLite/Blueprints/FoliageTypes/WheatSingle1_Component_BP.uasset" 469
"D:/Unreal Projects/FPSProject/Content/DynamicGrassLite/Materials/Misc/BasicMaterial_M.uasset" 470
"D:/Unreal Projects/FPSProject/Content/DynamicGrassLite/Blueprints/InternalLogic/ExampleActionPlate_BP.uasset" 471
"D:/Unreal Projects/FPSProject/Content/DynamicGrassLite/Blueprints/InternalLogic/ExampleAI/ExampleAI_Blackboard.uasset" 472
"D:/Unreal Projects/FPSProject/Content/DynamicGrassLite/Blueprints/InternalLogic/ExampleAI/ExampleAI_Task_RandomMovement_BP.uasset" 473
"D:/Unreal Projects/FPSProject/Content/DynamicGrassLite/Blueprints/InternalLogic/ExampleAI/ExampleAI_BehaviorTree.uasset" 474
"D:/Unreal Projects/FPSProject/Content/DynamicGrassLite/Blueprints/InternalLogic/ExampleAI/ExampleAIController_BP.uasset" 475
"D:/Unreal Projects/FPSProject/Content/DynamicGrassLite/Blueprints/InternalLogic/ExampleAI/ExampleAI_Actor_BP.uasset" 476
"D:/Unreal Projects/FPSProject/Content/DynamicGrassLite/Blueprints/InternalLogic/ExampleAISpawner_BP.uasset" 477
"../../../Engine/Content/BasicShapes/Sphere.uasset" 478
"D:/Unreal Projects/FPSProject/Content/DynamicGrassLite/Blueprints/InternalLogic/TestSphere_BP.uasset" 479
"D:/Unreal Projects/FPSProject/Content/DynamicGrassLite/Blueprints/InternalLogic/ExampleBallSpawner_BP.uasset" 480
"D:/Unreal Projects/FPSProject/Content/DynamicGrassLite/Blueprints/InternalLogic/CameraShake1_BP.uasset" 481
"D:/Unreal Projects/FPSProject/Content/DynamicGrassLite/Blueprints/InternalLogic/Impulse_BP.uasset" 482
"D:/Unreal Projects/FPSProject/Content/DynamicGrassLite/Materials/Grass/LinearRoundedSine.uasset" 483
"D:/Unreal Projects/FPSProject/Content/DynamicGrassLite/Materials/Misc/TickingBomb_M.uasset" 484
"../../../Engine/Content/Functions/Engine_MaterialFunctions01/Gradient/RadialGradient.uasset" 485
"D:/Unreal Projects/FPSProject/Content/DynamicGrassLite/Materials/Misc/FireSpark_M.uasset" 486
"D:/Unreal Projects/FPSProject/Content/DynamicGrassLite/Materials/Misc/RainDrop_M.uasset" 487
"D:/Unreal Projects/FPSProject/Content/DynamicGrassLite/Particles/BombSparks_PS.uasset" 488
"D:/Unreal Projects/FPSProject/Content/DynamicGrassLite/Particles/ProjectileParticles_Boom_PS.uasset" 489
"D:/Unreal Projects/FPSProject/Content/DynamicGrassLite/Blueprints/InternalLogic/ExampleBomb_BP.uasset" 490
"D:/Unreal Projects/FPSProject/Content/DynamicGrassLite/Blueprints/InternalLogic/GrassRemover_BP.uasset" 491
"../../../Engine/Content/BasicShapes/Cylinder.uasset" 492
"D:/Unreal Projects/FPSProject/Content/DynamicGrassLite/Blueprints/InternalLogic/ExampleSpawnedObject_Building_BP.uasset" 493
"D:/Unreal Projects/FPSProject/Content/DynamicGrassLite/Blueprints/InternalLogic/ExampleBuildingSpawner_BP.uasset" 494
"D:/Unreal Projects/FPSProject/Content/DynamicGrassLite/Blueprints/InternalLogic/ExampleHarvester_BP.uasset" 495
"D:/Unreal Projects/FPSProject/Content/DynamicGrassLite/Blueprints/InternalLogic/ExampleHarvesterStarter_BP.uasset" 496
"D:/Unreal Projects/FPSProject/Content/DynamicGrassLite/Materials/Misc/GlowingMorph_M.uasset" 497
"D:/Unreal Projects/FPSProject/Content/DynamicGrassLite/Particles/ProjectileParticles_PS.uasset" 498
"D:/Unreal Projects/FPSProject/Content/DynamicGrassLite/Blueprints/InternalLogic/ExampleProjectile_BP.uasset" 499
"D:/Unreal Projects/FPSProject/Content/DynamicGrassLite/Blueprints/InternalLogic/ExampleSpawnedObject_Chest_BP.uasset" 500
"D:/Unreal Projects/FPSProject/Content/DynamicGrassLite/Blueprints/InternalLogic/InteractWithGrass_Manual_BP.uasset" 501
"D:/Unreal Projects/FPSProject/Content/DynamicGrassLite/Blueprints/InternalLogic/ExampleUFO_BP.uasset" 502
"D:/Unreal Projects/FPSProject/Content/DynamicGrassLite/Blueprints/InternalLogic/ExampleUFOSpawner_BP.uasset" 503
"D:/Unreal Projects/FPSProject/Content/DynamicGrassLite/Blueprints/InternalLogic/ExampleVehicle_BP.uasset" 504
"D:/Unreal Projects/FPSProject/Content/DynamicGrassLite/Blueprints/InternalLogic/ExampleVehicleStarter_BP.uasset" 505
"D:/Unreal Projects/FPSProject/Content/DynamicGrassLite/Blueprints/InternalLogic/ThirdPersonBP/Blueprints/ThirdPersonGameMode.uasset" 506
"D:/Unreal Projects/FPSProject/Content/DynamicGrassLite/Blueprints/FoliageTypes/Grass2_FoliageType.uasset" 507
"D:/Unreal Projects/FPSProject/Content/DynamicGrassLite/Materials/Grass/Grass3_FarLOD_M_Inst.uasset" 508
"D:/Unreal Projects/FPSProject/Content/DynamicGrassLite/Materials/Grass/Grass3_M_Inst.uasset" 509
"D:/Unreal Projects/FPSProject/Content/DynamicGrassLite/Meshes/grassMesh3_SM.uasset" 510
"D:/Unreal Projects/FPSProject/Content/DynamicGrassLite/Blueprints/FoliageTypes/Grass3_FoliageType.uasset" 511
"D:/Unreal Projects/FPSProject/Content/DynamicGrassLite/Textures/Foliage/wheat1_Color_Dense2_T.uasset" 512
"D:/Unreal Projects/FPSProject/Content/DynamicGrassLite/Materials/Grass/Grass4_FarLOD_M_Inst.uasset" 513
"D:/Unreal Projects/FPSProject/Content/DynamicGrassLite/Materials/Grass/Grass4_M_Inst.uasset" 514
"D:/Unreal Projects/FPSProject/Content/DynamicGrassLite/Meshes/wheatMesh1_SM.uasset" 515
"D:/Unreal Projects/FPSProject/Content/DynamicGrassLite/Blueprints/FoliageTypes/Grass4_FoliageType.uasset" 516
"D:/Unreal Projects/FPSProject/Content/DynamicGrassLite/Textures/Foliage/purplePlant1_Color_T.uasset" 517
"D:/Unreal Projects/FPSProject/Content/DynamicGrassLite/Materials/Grass/Grass6_M_Inst.uasset" 518
"D:/Unreal Projects/FPSProject/Content/DynamicGrassLite/Meshes/purplePlant1_SM.uasset" 519
"D:/Unreal Projects/FPSProject/Content/DynamicGrassLite/Blueprints/FoliageTypes/PurplePlant1_FoliageType.uasset" 520
"D:/Unreal Projects/FPSProject/Content/DynamicGrassLite/Textures/Foliage/wheatSingle1_T.uasset" 521
"D:/Unreal Projects/FPSProject/Content/DynamicGrassLite/Materials/Grass/Grass5_M_Inst.uasset" 522
"D:/Unreal Projects/FPSProject/Content/DynamicGrassLite/Meshes/wheatSingleMesh_SM.uasset" 523
"D:/Unreal Projects/FPSProject/Content/DynamicGrassLite/Blueprints/FoliageTypes/WheatSingle1_FoliageType.uasset" 524
"D:/Unreal Projects/FPSProject/Content/DynamicGrassLite/Materials/Misc/GrassGround_LayerInfo.uasset" 525
"D:/Unreal Projects/FPSProject/Content/DynamicGrassLite/Materials/Misc/WheatGround_LayerInfo.uasset" 526
"D:/Unreal Projects/FPSProject/Content/DynamicGrassLite/Maps/DemoMap_BuiltData.uasset" 527
"D:/Unreal Projects/FPSProject/Content/DynamicGrassLite/Textures/SimpleGround/GrassGround_Color_Equalized1_T.uasset" 528
"D:/Unreal Projects/FPSProject/Content/DynamicGrassLite/Textures/SimpleGround/GrassGround_Normal_T.uasset" 529
"D:/Unreal Projects/FPSProject/Content/DynamicGrassLite/Textures/SimpleGround/GrassGround_Roughness_T.uasset" 530
"D:/Unreal Projects/FPSProject/Content/DynamicGrassLite/Materials/SimpleGround/LandscapeMaterial_M.uasset" 531
"D:/Unreal Projects/FPSProject/Content/DynamicGrassLite/Blueprints/InternalLogic/OnScreenInstructions_BP.uasset" 532
"D:/Unreal Projects/FPSProject/Content/DynamicGrassLite/Maps/DemoMap.umap" 533
"D:/Unreal Projects/FPSProject/Content/DynamicGrassLite/Maps/StreamingLevels/LevelStreamingTest_BuiltData.uasset" 534
"D:/Unreal Projects/FPSProject/Content/DynamicGrassLite/Maps/StreamingLevels/LevelStreamingTest.umap" 535
"D:/Unreal Projects/FPSProject/Content/DynamicGrassLite/Blueprints/FoliageTypes/Grass1_Component_BP.uasset" 536
"D:/Unreal Projects/FPSProject/Content/DynamicGrassLite/Textures/Foliage/Grass1_Dense2_T.uasset" 537
"D:/Unreal Projects/FPSProject/Content/DynamicGrassLite/Materials/Grass/Grass1_M_Inst.uasset" 538
"D:/Unreal Projects/FPSProject/Content/DynamicGrassLite/Meshes/grassMesh1_SM.uasset" 539
"D:/Unreal Projects/FPSProject/Content/DynamicGrassLite/Blueprints/FoliageTypes/Grass1_FoliageType.uasset" 540
"D:/Unreal Projects/FPSProject/Content/DynamicGrassLite/Maps/StreamingLevels/StreamLevel1_BuiltData.uasset" 541
"D:/Unreal Projects/FPSProject/Content/DynamicGrassLite/Materials/SimpleGround/GroundGrass_M.uasset" 542
"D:/Unreal Projects/FPSProject/Content/DynamicGrassLite/Materials/SimpleGround/GroundGrass3_M_Inst.uasset" 543
"D:/Unreal Projects/FPSProject/Content/DynamicGrassLite/Maps/StreamingLevels/StreamLevel1.umap" 544
"D:/Unreal Projects/FPSProject/Content/DynamicGrassLite/Maps/StreamingLevels/StreamLevel2_BuiltData.uasset" 545
"D:/Unreal Projects/FPSProject/Content/DynamicGrassLite/Maps/StreamingLevels/StreamLevel2.umap" 546
